<?xml version="1.0"?>
<testsuite name="PhantomJS 2.1.1 (Linux 0.0.0)" package="projet-hornet" timestamp="2018-06-20T17:19:12" id="0" hostname="projetstagiaireCRASIC" tests="0" errors="1" failures="0" time="0">
  <properties>
    <property name="browser.fullName" value="Mozilla/5.0 (Unknown; Linux x86_64) AppleWebKit/538.1 (KHTML, like Gecko) PhantomJS/2.1.1 Safari/538.1"/>
  </properties>
  <system-out>
    <![CDATA[
]]>
  </system-out>
  <system-err/>
</testsuite>